\! bash sql/restore.sh
###### RESTORE COMMAND TEST-0001 ######
###### recovery to latest from full backup ######
0
0

###### RESTORE COMMAND TEST-0002 ######
###### recovery to latest from full + page backups ######
0
0
0

###### RESTORE COMMAND TEST-0003 ######
###### recovery to target timeline ######
0
0
0
checking recovery.conf...
OK: recovery.conf has the given target timeline.

###### RESTORE COMMAND TEST-0004 ######
###### recovery to target time ######
0
0

###### RESTORE COMMAND TEST-0005 ######
###### recovery to target XID ######
0
0
OK: recovery-target-xid options works well.

###### RESTORE COMMAND TEST-0006 ######
###### recovery to latest from full + ptrack backups ######
0
1
0

###### RESTORE COMMAND TEST-0007 ######
###### recovery to latest from full + ptrack + ptrack backups ######
0
1
1
0

###### RESTORE COMMAND TEST-0010 ######
###### recovery to latest from full + page backups with loads when full backup do ######
0
1
0

###### RESTORE COMMAND TEST-0009 ######
###### recovery to latest from full + ptrack backups with loads when full backup do ######
0
1
0

